<?xml version="1.0" encoding="UTF-8"?>
<!-- Generated by org.testng.reporters.JUnitReportReporter -->
<testsuite skipped="1" hostname="LAPTOP-0A7CUA1B" name="com.vmetry.testcases.Booking" tests="1" failures="0" timestamp="08 Jan 2018 05:21:57 GMT" time="0.000" errors="0">
  <testcase name="doBooking" time="0.000" classname="com.vmetry.testcases.Booking">
    <skipped/>
  </testcase> <!-- doBooking -->
</testsuite> <!-- com.vmetry.testcases.Booking -->
